<?xml version="1.0" encoding="UTF-8"?>
<!-- Generated by org.testng.reporters.JUnitXMLReporter -->
<testsuite ignored="4" hostname="DESKTOP-4KQ2T9G" failures="0" tests="2" name="Test" time="0.627" errors="0" timestamp="2023-10-05T20:38:41 IST">
  <testcase classname="TestNGGroup.Sample1" name="demo2" time="0.134"/>
  <testcase classname="TestNGGroup.Sample2" name="demo6" time="0.012"/>
  <testcase classname="TestNGGroup.Sample2" name="demo5" time="0.0">
    <ignored/>
  </testcase> <!-- demo5 -->
  <testcase classname="TestNGGroup.Sample1" name="demo1" time="0.0">
    <ignored/>
  </testcase> <!-- demo1 -->
  <testcase classname="TestNGGroup.Sample1" name="demo3" time="0.0">
    <ignored/>
  </testcase> <!-- demo3 -->
  <testcase classname="TestNGGroup.Sample2" name="demo4" time="0.0">
    <ignored/>
  </testcase> <!-- demo4 -->
</testsuite> <!-- Test -->
