<?xml version="1.0" encoding="UTF-8"?>
<testng-results ignored="0" total="1" passed="1" failed="0" skipped="0">
  <reporter-output>
  </reporter-output>
  <suite started-at="2023-10-07T20:29:53 IST" name="Default suite" finished-at="2023-10-07T20:30:21 IST" duration-ms="28208">
    <groups>
    </groups>
    <test started-at="2023-10-07T20:29:53 IST" name="Default test" finished-at="2023-10-07T20:30:21 IST" duration-ms="28208">
      <class name="TestNg_Sequential.Amazon">
        <test-method signature="amazon()[pri:0, instance:TestNg_Sequential.Amazon@783a467b]" started-at="2023-10-07T20:29:53 IST" name="amazon" finished-at="2023-10-07T20:30:21 IST" duration-ms="27824" status="PASS">
          <reporter-output>
          </reporter-output>
        </test-method> <!-- amazon -->
      </class> <!-- TestNg_Sequential.Amazon -->
    </test> <!-- Default test -->
  </suite> <!-- Default suite -->
</testng-results>
